[19:54:20.472] Global cache location '/Users/shin/Library/Caches/typescript/4.1', safe file path '/users/shin/.anyenv/envs/nodenv/versions/15.2.1/lib/node_modules/typescript/lib/typingsafelist.json', types map path /users/shin/.anyenv/envs/nodenv/versions/15.2.1/lib/node_modules/typescript/lib/typesmap.json
[19:54:20.475] Processing cache location '/Users/shin/Library/Caches/typescript/4.1'
[19:54:20.476] Trying to find '/Users/shin/Library/Caches/typescript/4.1/package.json'...
[19:54:20.482] Loaded content of '/Users/shin/Library/Caches/typescript/4.1/package.json': {"private":true,"dependencies":{"types-registry":"^0.1.572"},"devDependencies":{"@types/accepts":"^1.3.5","@types/acorn":"^4.0.5","@types/ajv-errors":"^1.0.3","@types/ansi-styles":"^3.2.1","@types/anymatch":"^1.3.1","@types/are-we-there-yet":"^1.1.0","@types/argparse":"^2.0.10","@types/arr-diff":"^4.0.0","@types/arr-union":"^3.1.0","@types/array-unique":"^0.3.0","@types/array.prototype.flatmap":"^1.2.2","@types/asn1":"^0.2.0","@types/assert":"^1.5.5","@types/assert-plus":"^1.0.4","@types/async":"^3.2.5","@types/atob":"^2.1.2","@types/aws4":"^1.5.1","@types/babel__core":"^7.1.12","@types/babel__preset-env":"^7.9.1","@types/babel-plugin-syntax-jsx":"^6.18.0","@types/backo2":"^1.0.1","@types/balanced-match":"^1.0.1","@types/base64-js":"^1.3.0","@types/big.js":"^6.1.1","@types/bl":"^4.1.0","@types/bluebird":"^3.5.33","@types/bn.js":"^5.1.0","@types/body-parser":"^1.19.0","@types/brace-expansion":"^1.1.0","@types/braces":"^3.0.1","@types/brorand":"^1.0.30","@types/bser":"^2.0.1","@types/buffer-from":"^1.1.0","@types/buffer-xor":"^2.0.0","@types/bytes":"^3.1.1","@types/cacache":"^15.0.0","@types/call-bind":"^1.0.0","@types/caniuse-lite":"^1.0.1","@types/caseless":"^0.12.2","@types/chownr":"^1.0.0","@types/cipher-base":"^1.0.0","@types/classnames":"^2.2.11","@types/clone-deep":"^4.0.1","@types/co":"^4.6.2","@types/color":"^3.0.2","@types/color-convert":"^2.0.0","@types/color-name":"^1.1.1","@types/color-string":"^1.5.0","@types/combined-stream":"^1.0.3","@types/commondir":"^1.0.0","@types/component-emitter":"^1.2.10","@types/concat-map":"^0.0.1","@types/concat-stream":"^1.6.0","@types/content-disposition":"^0.5.3","@types/content-type":"^1.1.3","@types/convert-source-map":"^1.5.2","@types/cookie":"^0.4.0","@types/cookie-signature":"^1.0.3","@types/create-hash":"^1.2.2","@types/create-hmac":"^1.1.0","@types/cross-spawn":"^6.0.2","@types/css-to-react-native":"^3.0.0","@types/cssesc":"^3.0.0","@types/cssom":"^0.4.1","@types/cssstyle":"^2.2.1","@types/d3-array":"^3.0.1","@types/d3-collection":"^1.0.10","@types/d3-color":"^3.0.2","@types/d3-delaunay":"^6.0.0","@types/d3-format":"^3.0.1","@types/d3-geo":"^3.0.2","@types/d3-interpolate":"^3.0.1","@types/d3-scale":"^4.0.1","@types/d3-time":"^3.0.0","@types/d3-time-format":"^4.0.0","@types/dashdash":"^1.14.0","@types/data-urls":"^2.0.1","@types/debounce":"^1.2.0","@types/debug":"^4.1.7","@types/decode-uri-component":"^0.2.0","@types/dedent":"^0.7.0","@types/deep-extend":"^0.4.31","@types/define-properties":"^1.1.3","@types/delaunator":"^3.0.0","@types/depd":"^1.1.32","@types/destroy":"^1.0.0","@types/detect-libc":"^1.0.0","@types/diff":"^5.0.1","@types/diffie-hellman":"^5.0.0","@types/dir-glob":"^2.0.1","@types/doctrine":"^0.0.5","@types/domexception":"^2.0.1","@types/duplexify":"^3.6.0","@types/earcut":"^2.1.1","@types/ee-first":"^1.1.0","@types/elliptic":"^6.4.13","@types/encodeurl":"^1.0.0","@types/end-of-stream":"^1.4.0","@types/engine.io-client":"^3.1.5","@types/enhanced-resolve":"^3.0.6","@types/envinfo":"^7.8.1","@types/es-abstract":"^1.17.3","@types/es-to-primitive":"^1.2.4","@types/escape-html":"^1.0.0","@types/escodegen":"^0.0.7","@types/eslint":"^7.28.0","@types/eslint-config-prettier":"^6.11.0","@types/eslint-plugin-prettier":"^3.1.0","@types/eslint-scope":"^3.7.1","@types/eslint-visitor-keys":"^1.0.0","@types/esprima":"^4.0.3","@types/esquery":"^1.0.2","@types/estraverse":"^5.1.1","@types/esutils":"^2.0.0","@types/etag":"^1.8.1","@types/events":"^3.0.0","@types/exit":"^0.1.31","@types/expand-tilde":"^2.0.0","@types/express":"^4.17.11","@types/extend":"^3.0.1","@types/extsprintf":"^1.4.1","@types/fast-levenshtein":"^0.0.2","@types/fb-watchman":"^2.0.1","@types/file-entry-cache":"^5.0.2","@types/finalhandler":"^1.1.0","@types/find-cache-dir":"^3.2.1","@types/findup-sync":"^2.0.2","@types/flat-cache":"^2.0.0","@types/flush-write-stream":"^1.0.0","@types/foreach":"^2.0.0","@types/forever-agent":"^0.6.0","@types/forwarded":"^0.1.0","@types/fresh":"^0.5.0","@types/from2":"^2.3.0","@types/fs-extra":"^9.0.8","@types/function-bind":"^1.1.6","@types/functional-red-black-tree":"^1.0.1","@types/get-caller-file":"^1.0.0","@types/get-intrinsic":"^1.0.0","@types/get-value":"^3.0.1","@types/getpass":"^0.1.0","@types/gh-pages":"^3.0.0","@types/glob":"^7.2.0","@types/glob-parent":"^5.1.1","@types/glob-to-regexp":"^0.4.1","@types/global-modules":"^2.0.0","@types/global-prefix":"^3.0.0","@types/graceful-fs":"^4.1.5","@types/has":"^1.0.0","@types/has-symbols":"^1.0.0","@types/he":"^1.1.2","@types/hoist-non-react-statics":"^3.3.1","@types/hosted-git-info":"^3.0.2","@types/html-encoding-sniffer":"^2.0.2","@types/html-escaper":"^3.0.0","@types/http-errors":"^1.8.1","@types/hyphenate-style-name":"^1.0.0","@types/icss-utils":"^4.1.0","@types/iferr":"^1.0.2","@types/imurmurhash":"^0.1.1","@types/inherits":"^0.0.30","@types/ini":"^1.3.30","@types/internal-slot":"^1.0.1","@types/interpret":"^1.1.1","@types/invariant":"^2.2.34","@types/is-arguments":"^1.0.0","@types/is-buffer":"^2.0.0","@types/is-callable":"^1.1.0","@types/is-ci":"^3.0.0","@types/is-core-module":"^2.2.0","@types/is-date-object":"^1.0.1","@types/is-generator-function":"^1.0.1","@types/is-glob":"^4.0.2","@types/is-number":"^7.0.1","@types/is-regex":"^1.0.0","@types/is-typedarray":"^1.0.0","@types/is-windows":"^1.0.0","@types/isarray":"^2.0.0","@types/isexe":"^2.0.1","@types/isstream":"^0.1.0","@types/istanbul-lib-coverage":"^2.0.3","@types/istanbul-lib-instrument":"^1.7.4","@types/istanbul-lib-report":"^3.0.0","@types/istanbul-lib-source-maps":"^4.0.1","@types/istanbul-reports":"^3.0.1","@types/js-yaml":"^4.0.4","@types/jsbn":"^1.2.29","@types/jsdom":"^16.2.13","@types/jsesc":"^3.0.1","@types/json-parse-better-errors":"^1.0.0","@types/json-schema":"^7.0.7","@types/json-stringify-safe":"^5.0.0","@types/jsonfile":"^6.0.0","@types/kind-of":"^6.0.0","@types/leaflet":"^1.7.4","@types/leaflet.heat":"^0.2.1","@types/line-column":"^1.0.0","@types/loader-runner":"^2.2.4","@types/loader-utils":"^2.0.3","@types/lodash":"^4.14.171","@types/lodash.clonedeep":"^4.5.6","@types/lodash.merge":"^4.6.6","@types/lodash.sortby":"^4.7.6","@types/lodash.truncate":"^4.4.6","@types/lru-cache":"^5.1.1","@types/media-typer":"^1.1.0","@types/memory-fs":"^0.3.2","@types/memorystream":"^0.3.0","@types/merge-descriptors":"^1.0.1","@types/merge-stream":"^1.1.2","@types/merge2":"^1.3.1","@types/methods":"^1.1.1","@types/micromatch":"^4.0.2","@types/mime":"^2.0.3","@types/mime-db":"^1.43.1","@types/mime-types":"^2.1.1","@types/minimalistic-assert":"^1.0.1","@types/minimatch":"^3.0.5","@types/minimist":"^1.2.2","@types/mkdirp":"^1.0.2","@types/move-concurrently":"^1.0.2","@types/ms":"^0.7.31","@types/natural-compare":"^1.4.1","@types/negotiator":"^0.6.1","@types/nice-try":"^2.1.0","@types/node-abi":"^2.10.0","@types/node-fetch":"^2.5.12","@types/node-int64":"^0.4.29","@types/node-notifier":"^8.0.0","@types/normalize-package-data":"^2.4.1","@types/normalize-path":"^3.0.0","@types/npmlog":"^4.1.2","@types/number-is-nan":"^2.0.0","@types/nwsapi":"^2.2.2","@types/object-assign":"^4.0.30","@types/object-inspect":"^1.8.1","@types/object-keys":"^1.0.1","@types/object.fromentries":"^2.0.1","@types/object.pick":"^1.3.0","@types/on-finished":"^2.3.1","@types/once":"^1.4.0","@types/pako":"^1.0.2","@types/parallel-transform":"^1.1.0","@types/parse-json":"^4.0.0","@types/parse-passwd":"^1.0.0","@types/parse5":"^6.0.1","@types/parseurl":"^1.3.1","@types/pascalcase":"^1.0.0","@types/path-is-absolute":"^1.0.0","@types/path-parse":"^1.0.19","@types/pbkdf2":"^3.1.0","@types/picomatch":"^2.3.0","@types/pify":"^5.0.1","@types/platform":"^1.3.4","@types/postcss-modules-extract-imports":"^2.0.0","@types/postcss-modules-local-by-default":"^1.2.0","@types/postcss-modules-scope":"^1.1.0","@types/postcss-modules-values":"^3.0.0","@types/prelude-ls":"^1.1.29","@types/prettier":"^2.3.2","@types/prettier-linter-helpers":"^1.0.1","@types/progress":"^2.0.4","@types/promise-inflight":"^1.0.0","@types/prompts":"^2.0.14","@types/prop-types":"^15.7.4","@types/proxy-addr":"^2.0.0","@types/psl":"^1.1.0","@types/pump":"^1.1.1","@types/pumpify":"^1.4.1","@types/punycode":"^2.1.0","@types/qs":"^6.9.6","@types/randombytes":"^2.0.0","@types/range-parser":"^1.2.3","@types/rc":"^1.1.0","@types/react":"^17.0.15","@types/react-dom":"^17.0.9","@types/react-is":"^17.0.2","@types/react-reconciler":"^0.26.0","@types/react-redux":"^7.1.18","@types/react-transition-group":"^4.4.2","@types/readable-stream":"^2.3.11","@types/rechoir":"^0.6.1","@types/regenerator-runtime":"^0.13.1","@types/repeat-element":"^1.1.0","@types/repeat-string":"^1.6.0","@types/request":"^2.48.5","@types/request-promise-native":"^1.0.17","@types/require-directory":"^2.1.2","@types/require-from-string":"^1.2.1","@types/resolve":"^1.20.1","@types/rimraf":"^3.0.1","@types/ripemd160":"^2.0.0","@types/rsvp":"^4.0.3","@types/run-parallel":"^1.1.0","@types/safe-regex":"^1.1.2","@types/safer-buffer":"^2.1.0","@types/sane":"^2.0.0","@types/scheduler":"^0.16.2","@types/semver":"^7.3.9","@types/send":"^0.14.6","@types/serialize-javascript":"^5.0.1","@types/serve-static":"^1.13.9","@types/set-value":"^2.0.0","@types/setimmediate":"^1.0.2","@types/sha.js":"^2.4.0","@types/shallowequal":"^1.1.1","@types/sharp":"^0.27.1","@types/shebang-command":"^1.2.0","@types/shell-quote":"^1.7.1","@types/signal-exit":"^3.0.1","@types/slice-ansi":"^5.0.0","@types/source-list-map":"^0.1.2","@types/source-map-support":"^0.5.4","@types/spdx-correct":"^2.0.0","@types/spdx-expression-parse":"^3.0.1","@types/sprintf":"^0.1.0","@types/sprintf-js":"^1.1.2","@types/sshpk":"^1.10.5","@types/ssri":"^7.1.0","@types/stack-utils":"^2.0.1","@types/statuses":"^2.0.0","@types/stream-each":"^1.2.0","@types/stream-shift":"^1.0.0","@types/strict-uri-encode":"^2.0.0","@types/string-hash":"^1.1.1","@types/string.prototype.matchall":"^4.0.0","@types/strip-final-newline":"^3.0.0","@types/styled-components":"^5.1.11","@types/styled-jsx":"^2.2.9","@types/supports-color":"^8.1.1","@types/symbol-tree":"^3.2.2","@types/tapable":"^1.0.6","@types/tar-fs":"^2.0.0","@types/tar-stream":"^2.2.0","@types/terser-webpack-plugin":"^5.0.2","@types/text-table":"^0.2.2","@types/three":"^0.130.1","@types/through2":"^2.0.36","@types/tinycolor2":"^1.4.3","@types/tough-cookie":"^4.0.1","@types/type-check":"^0.3.27","@types/type-detect":"^4.0.1","@types/type-is":"^1.6.3","@types/uniq":"^0.0.27","@types/universalify":"^1.0.0","@types/urix":"^0.1.0","@types/use-subscription":"^1.0.0","@types/util-deprecate":"^1.0.0","@types/utils-merge":"^0.0.28","@types/uuid":"^8.3.0","@types/validate-npm-package-license":"^3.0.1","@types/vary":"^1.1.0","@types/verror":"^1.10.4","@types/w3c-hr-time":"^1.0.0","@types/w3c-xmlserializer":"^2.0.2","@types/watchpack":"^1.1.7","@types/webidl-conversions":"^6.1.1","@types/webpack":"^4.41.26","@types/webpack-sources":"^3.2.0","@types/whatwg-encoding":"^1.0.0","@types/whatwg-mimetype":"^2.1.1","@types/whatwg-url":"^8.2.1","@types/which":"^2.0.1","@types/which-pm-runs":"^1.0.0","@types/wrap-ansi":"^8.0.1","@types/write-file-atomic":"^3.0.2","@types/ws":"^7.4.7","@types/xtend":"^4.0.3","@types/y18n":"^4.0.0","@types/yallist":"^4.0.1","@types/yargs":"^17.0.2","@types/yargs-parser":"^20.2.1","@types/yeast":"^0.1.1"}}
[19:54:20.482] Loaded content of '/Users/shin/Library/Caches/typescript/4.1/package-lock.json'
[19:54:20.496] Adding entry into typings cache: 'accepts' => '/Users/shin/Library/Caches/typescript/4.1/node_modules/@types/accepts/index.d.ts'
[19:54:20.500] Adding entry into typings cache: 'acorn' => '/Users/shin/Library/Caches/typescript/4.1/node_modules/acorn/dist/acorn.d.ts'
[19:54:20.503] Adding entry into typings cache: 'ajv-errors' => '/Users/shin/Library/Caches/typescript/4.1/node_modules/@types/ajv-errors/index.d.ts'
[19:54:20.510] Adding entry into typings cache: 'ansi-styles' => '/Users/shin/Library/Caches/typescript/4.1/node_modules/@types/ansi-styles/index.d.ts'
[19:54:20.517] Adding entry into typings cache: 'anymatch' => '/Users/shin/Library/Caches/typescript/4.1/node_modules/@types/anymatch/index.d.ts'
[19:54:20.524] Adding entry into typings cache: 'are-we-there-yet' => '/Users/shin/Library/Caches/typescript/4.1/node_modules/@types/are-we-there-yet/index.d.ts'
[19:54:20.528] Adding entry into typings cache: 'argparse' => '/Users/shin/Library/Caches/typescript/4.1/node_modules/@types/argparse/index.d.ts'
[19:54:20.540] Adding entry into typings cache: 'arr-diff' => '/Users/shin/Library/Caches/typescript/4.1/node_modules/@types/arr-diff/index.d.ts'
[19:54:20.546] Adding entry into typings cache: 'arr-union' => '/Users/shin/Library/Caches/typescript/4.1/node_modules/@types/arr-union/index.d.ts'
[19:54:20.552] Adding entry into typings cache: 'array-unique' => '/Users/shin/Library/Caches/typescript/4.1/node_modules/@types/array-unique/index.d.ts'
[19:54:20.554] Adding entry into typings cache: 'array.prototype.flatmap' => '/Users/shin/Library/Caches/typescript/4.1/node_modules/@types/array.prototype.flatmap/index.d.ts'
[19:54:20.559] Adding entry into typings cache: 'asn1' => '/Users/shin/Library/Caches/typescript/4.1/node_modules/@types/asn1/index.d.ts'
[19:54:20.565] Adding entry into typings cache: 'assert' => '/Users/shin/Library/Caches/typescript/4.1/node_modules/@types/assert/index.d.ts'
[19:54:20.568] Adding entry into typings cache: 'assert-plus' => '/Users/shin/Library/Caches/typescript/4.1/node_modules/@types/assert-plus/index.d.ts'
[19:54:20.571] Adding entry into typings cache: 'async' => '/Users/shin/Library/Caches/typescript/4.1/node_modules/@types/async/index.d.ts'
[19:54:20.576] Adding entry into typings cache: 'atob' => '/Users/shin/Library/Caches/typescript/4.1/node_modules/@types/atob/index.d.ts'
[19:54:20.580] Adding entry into typings cache: 'aws4' => '/Users/shin/Library/Caches/typescript/4.1/node_modules/@types/aws4/index.d.ts'
[19:54:20.583] Adding entry into typings cache: 'babel__core' => '/Users/shin/Library/Caches/typescript/4.1/node_modules/@types/babel__core/index.d.ts'
[19:54:20.587] Adding entry into typings cache: 'babel__preset-env' => '/Users/shin/Library/Caches/typescript/4.1/node_modules/@types/babel__preset-env/index.d.ts'
[19:54:20.590] Adding entry into typings cache: 'babel-plugin-syntax-jsx' => '/Users/shin/Library/Caches/typescript/4.1/node_modules/@types/babel-plugin-syntax-jsx/index.d.ts'
[19:54:20.593] Adding entry into typings cache: 'backo2' => '/Users/shin/Library/Caches/typescript/4.1/node_modules/@types/backo2/index.d.ts'
[19:54:20.595] Adding entry into typings cache: 'balanced-match' => '/Users/shin/Library/Caches/typescript/4.1/node_modules/@types/balanced-match/index.d.ts'
[19:54:20.597] Adding entry into typings cache: 'base64-js' => '/Users/shin/Library/Caches/typescript/4.1/node_modules/@types/base64-js/index.d.ts'
[19:54:20.600] Adding entry into typings cache: 'big.js' => '/Users/shin/Library/Caches/typescript/4.1/node_modules/@types/big.js/index.d.ts'
[19:54:20.603] Adding entry into typings cache: 'bl' => '/Users/shin/Library/Caches/typescript/4.1/node_modules/@types/bl/index.d.ts'
[19:54:20.605] Adding entry into typings cache: 'bluebird' => '/Users/shin/Library/Caches/typescript/4.1/node_modules/@types/bluebird/index.d.ts'
[19:54:20.608] Adding entry into typings cache: 'bn.js' => '/Users/shin/Library/Caches/typescript/4.1/node_modules/@types/bn.js/index.d.ts'
[19:54:20.610] Adding entry into typings cache: 'body-parser' => '/Users/shin/Library/Caches/typescript/4.1/node_modules/@types/body-parser/index.d.ts'
[19:54:20.612] Adding entry into typings cache: 'brace-expansion' => '/Users/shin/Library/Caches/typescript/4.1/node_modules/@types/brace-expansion/index.d.ts'
[19:54:20.617] Adding entry into typings cache: 'braces' => '/Users/shin/Library/Caches/typescript/4.1/node_modules/@types/braces/index.d.ts'
[19:54:20.619] Adding entry into typings cache: 'brorand' => '/Users/shin/Library/Caches/typescript/4.1/node_modules/@types/brorand/index.d.ts'
[19:54:20.621] Adding entry into typings cache: 'bser' => '/Users/shin/Library/Caches/typescript/4.1/node_modules/@types/bser/index.d.ts'
[19:54:20.625] Adding entry into typings cache: 'buffer-from' => '/Users/shin/Library/Caches/typescript/4.1/node_modules/@types/buffer-from/index.d.ts'
[19:54:20.626] Adding entry into typings cache: 'buffer-xor' => '/Users/shin/Library/Caches/typescript/4.1/node_modules/@types/buffer-xor/index.d.ts'
[19:54:20.629] Adding entry into typings cache: 'bytes' => '/Users/shin/Library/Caches/typescript/4.1/node_modules/@types/bytes/index.d.ts'
[19:54:20.630] Adding entry into typings cache: 'cacache' => '/Users/shin/Library/Caches/typescript/4.1/node_modules/@types/cacache/index.d.ts'
[19:54:20.633] Adding entry into typings cache: 'call-bind' => '/Users/shin/Library/Caches/typescript/4.1/node_modules/@types/call-bind/index.d.ts'
[19:54:20.639] Adding entry into typings cache: 'caniuse-lite' => '/Users/shin/Library/Caches/typescript/4.1/node_modules/@types/caniuse-lite/index.d.ts'
[19:54:20.641] Adding entry into typings cache: 'caseless' => '/Users/shin/Library/Caches/typescript/4.1/node_modules/@types/caseless/index.d.ts'
[19:54:20.643] Adding entry into typings cache: 'chownr' => '/Users/shin/Library/Caches/typescript/4.1/node_modules/@types/chownr/index.d.ts'
[19:54:20.646] Adding entry into typings cache: 'cipher-base' => '/Users/shin/Library/Caches/typescript/4.1/node_modules/@types/cipher-base/index.d.ts'
[19:54:20.649] Adding entry into typings cache: 'classnames' => '/Users/shin/Library/Caches/typescript/4.1/node_modules/@types/classnames/index.d.ts'
[19:54:20.652] Adding entry into typings cache: 'clone-deep' => '/Users/shin/Library/Caches/typescript/4.1/node_modules/@types/clone-deep/index.d.ts'
[19:54:20.654] Adding entry into typings cache: 'co' => '/Users/shin/Library/Caches/typescript/4.1/node_modules/@types/co/index.d.ts'
[19:54:20.657] Adding entry into typings cache: 'color' => '/Users/shin/Library/Caches/typescript/4.1/node_modules/@types/color/index.d.ts'
[19:54:20.661] Adding entry into typings cache: 'color-convert' => '/Users/shin/Library/Caches/typescript/4.1/node_modules/@types/color-convert/index.d.ts'
[19:54:20.666] Adding entry into typings cache: 'color-name' => '/Users/shin/Library/Caches/typescript/4.1/node_modules/@types/color-name/index.d.ts'
[19:54:20.685] Adding entry into typings cache: 'color-string' => '/Users/shin/Library/Caches/typescript/4.1/node_modules/@types/color-string/index.d.ts'
[19:54:20.692] Adding entry into typings cache: 'combined-stream' => '/Users/shin/Library/Caches/typescript/4.1/node_modules/@types/combined-stream/index.d.ts'
[19:54:20.694] Adding entry into typings cache: 'commondir' => '/Users/shin/Library/Caches/typescript/4.1/node_modules/@types/commondir/index.d.ts'
[19:54:20.701] Adding entry into typings cache: 'component-emitter' => '/Users/shin/Library/Caches/typescript/4.1/node_modules/@types/component-emitter/index.d.ts'
[19:54:20.709] Adding entry into typings cache: 'concat-map' => '/Users/shin/Library/Caches/typescript/4.1/node_modules/@types/concat-map/index.d.ts'
[19:54:20.712] Adding entry into typings cache: 'concat-stream' => '/Users/shin/Library/Caches/typescript/4.1/node_modules/@types/concat-stream/index.d.ts'
[19:54:20.714] Adding entry into typings cache: 'content-disposition' => '/Users/shin/Library/Caches/typescript/4.1/node_modules/@types/content-disposition/index.d.ts'
[19:54:20.717] Adding entry into typings cache: 'content-type' => '/Users/shin/Library/Caches/typescript/4.1/node_modules/@types/content-type/index.d.ts'
[19:54:20.729] Adding entry into typings cache: 'convert-source-map' => '/Users/shin/Library/Caches/typescript/4.1/node_modules/@types/convert-source-map/index.d.ts'
[19:54:20.732] Adding entry into typings cache: 'cookie' => '/Users/shin/Library/Caches/typescript/4.1/node_modules/@types/cookie/index.d.ts'
[19:54:20.736] Adding entry into typings cache: 'cookie-signature' => '/Users/shin/Library/Caches/typescript/4.1/node_modules/@types/cookie-signature/index.d.ts'
[19:54:20.739] Adding entry into typings cache: 'create-hash' => '/Users/shin/Library/Caches/typescript/4.1/node_modules/@types/create-hash/index.d.ts'
[19:54:20.757] Adding entry into typings cache: 'create-hmac' => '/Users/shin/Library/Caches/typescript/4.1/node_modules/@types/create-hmac/index.d.ts'
[19:54:20.764] Adding entry into typings cache: 'cross-spawn' => '/Users/shin/Library/Caches/typescript/4.1/node_modules/@types/cross-spawn/index.d.ts'
[19:54:20.774] Adding entry into typings cache: 'css-to-react-native' => '/Users/shin/Library/Caches/typescript/4.1/node_modules/@types/css-to-react-native/index.d.ts'
[19:54:20.777] Adding entry into typings cache: 'cssesc' => '/Users/shin/Library/Caches/typescript/4.1/node_modules/@types/cssesc/index.d.ts'
[19:54:20.779] Adding entry into typings cache: 'cssom' => '/Users/shin/Library/Caches/typescript/4.1/node_modules/@types/cssom/index.d.ts'
[19:54:20.784] Adding entry into typings cache: 'cssstyle' => '/Users/shin/Library/Caches/typescript/4.1/node_modules/@types/cssstyle/index.d.ts'
[19:54:20.789] Adding entry into typings cache: 'd3-array' => '/Users/shin/Library/Caches/typescript/4.1/node_modules/@types/d3-array/index.d.ts'
[19:54:20.791] Adding entry into typings cache: 'd3-collection' => '/Users/shin/Library/Caches/typescript/4.1/node_modules/@types/d3-collection/index.d.ts'
[19:54:20.796] Adding entry into typings cache: 'd3-color' => '/Users/shin/Library/Caches/typescript/4.1/node_modules/@types/d3-color/index.d.ts'
[19:54:20.799] Adding entry into typings cache: 'd3-delaunay' => '/Users/shin/Library/Caches/typescript/4.1/node_modules/@types/d3-delaunay/index.d.ts'
[19:54:20.801] Adding entry into typings cache: 'd3-format' => '/Users/shin/Library/Caches/typescript/4.1/node_modules/@types/d3-format/index.d.ts'
[19:54:20.805] Adding entry into typings cache: 'd3-geo' => '/Users/shin/Library/Caches/typescript/4.1/node_modules/@types/d3-geo/index.d.ts'
[19:54:20.821] Adding entry into typings cache: 'd3-interpolate' => '/Users/shin/Library/Caches/typescript/4.1/node_modules/@types/d3-interpolate/index.d.ts'
[19:54:20.825] Adding entry into typings cache: 'd3-scale' => '/Users/shin/Library/Caches/typescript/4.1/node_modules/@types/d3-scale/index.d.ts'
[19:54:20.828] Adding entry into typings cache: 'd3-time' => '/Users/shin/Library/Caches/typescript/4.1/node_modules/@types/d3-time/index.d.ts'
[19:54:20.831] Adding entry into typings cache: 'd3-time-format' => '/Users/shin/Library/Caches/typescript/4.1/node_modules/@types/d3-time-format/index.d.ts'
[19:54:20.833] Adding entry into typings cache: 'dashdash' => '/Users/shin/Library/Caches/typescript/4.1/node_modules/@types/dashdash/index.d.ts'
[19:54:20.834] Adding entry into typings cache: 'data-urls' => '/Users/shin/Library/Caches/typescript/4.1/node_modules/@types/data-urls/index.d.ts'
[19:54:20.836] Adding entry into typings cache: 'debounce' => '/Users/shin/Library/Caches/typescript/4.1/node_modules/@types/debounce/index.d.ts'
[19:54:20.843] Adding entry into typings cache: 'debug' => '/Users/shin/Library/Caches/typescript/4.1/node_modules/@types/debug/index.d.ts'
[19:54:20.847] Adding entry into typings cache: 'decode-uri-component' => '/Users/shin/Library/Caches/typescript/4.1/node_modules/@types/decode-uri-component/index.d.ts'
[19:54:20.849] Adding entry into typings cache: 'dedent' => '/Users/shin/Library/Caches/typescript/4.1/node_modules/@types/dedent/index.d.ts'
[19:54:20.851] Adding entry into typings cache: 'deep-extend' => '/Users/shin/Library/Caches/typescript/4.1/node_modules/@types/deep-extend/index.d.ts'
[19:54:20.853] Adding entry into typings cache: 'define-properties' => '/Users/shin/Library/Caches/typescript/4.1/node_modules/@types/define-properties/index.d.ts'
[19:54:20.858] Adding entry into typings cache: 'delaunator' => '/Users/shin/Library/Caches/typescript/4.1/node_modules/@types/delaunator/index.d.ts'
[19:54:20.860] Adding entry into typings cache: 'depd' => '/Users/shin/Library/Caches/typescript/4.1/node_modules/@types/depd/index.d.ts'
[19:54:20.862] Adding entry into typings cache: 'destroy' => '/Users/shin/Library/Caches/typescript/4.1/node_modules/@types/destroy/index.d.ts'
[19:54:20.864] Adding entry into typings cache: 'detect-libc' => '/Users/shin/Library/Caches/typescript/4.1/node_modules/@types/detect-libc/index.d.ts'
[19:54:20.866] Adding entry into typings cache: 'diff' => '/Users/shin/Library/Caches/typescript/4.1/node_modules/@types/diff/index.d.ts'
[19:54:20.868] Adding entry into typings cache: 'diffie-hellman' => '/Users/shin/Library/Caches/typescript/4.1/node_modules/@types/diffie-hellman/index.d.ts'
[19:54:20.869] Adding entry into typings cache: 'dir-glob' => '/Users/shin/Library/Caches/typescript/4.1/node_modules/@types/dir-glob/index.d.ts'
[19:54:20.871] Adding entry into typings cache: 'doctrine' => '/Users/shin/Library/Caches/typescript/4.1/node_modules/@types/doctrine/index.d.ts'
[19:54:20.873] Adding entry into typings cache: 'domexception' => '/Users/shin/Library/Caches/typescript/4.1/node_modules/@types/domexception/index.d.ts'
[19:54:20.874] Adding entry into typings cache: 'duplexify' => '/Users/shin/Library/Caches/typescript/4.1/node_modules/@types/duplexify/index.d.ts'
[19:54:20.876] Adding entry into typings cache: 'earcut' => '/Users/shin/Library/Caches/typescript/4.1/node_modules/@types/earcut/index.d.ts'
[19:54:20.878] Adding entry into typings cache: 'ee-first' => '/Users/shin/Library/Caches/typescript/4.1/node_modules/@types/ee-first/index.d.ts'
[19:54:20.880] Adding entry into typings cache: 'elliptic' => '/Users/shin/Library/Caches/typescript/4.1/node_modules/@types/elliptic/index.d.ts'
[19:54:20.883] Adding entry into typings cache: 'encodeurl' => '/Users/shin/Library/Caches/typescript/4.1/node_modules/@types/encodeurl/index.d.ts'
[19:54:20.885] Adding entry into typings cache: 'end-of-stream' => '/Users/shin/Library/Caches/typescript/4.1/node_modules/@types/end-of-stream/index.d.ts'
[19:54:20.887] Adding entry into typings cache: 'engine.io-client' => '/Users/shin/Library/Caches/typescript/4.1/node_modules/@types/engine.io-client/index.d.ts'
[19:54:20.892] Adding entry into typings cache: 'enhanced-resolve' => '/Users/shin/Library/Caches/typescript/4.1/node_modules/enhanced-resolve/types.d.ts'
[19:54:20.898] Adding entry into typings cache: 'envinfo' => '/Users/shin/Library/Caches/typescript/4.1/node_modules/@types/envinfo/index.d.ts'
[19:54:20.902] Adding entry into typings cache: 'es-abstract' => '/Users/shin/Library/Caches/typescript/4.1/node_modules/@types/es-abstract/index.d.ts'
[19:54:20.904] Adding entry into typings cache: 'es-to-primitive' => '/Users/shin/Library/Caches/typescript/4.1/node_modules/@types/es-to-primitive/index.d.ts'
[19:54:20.906] Adding entry into typings cache: 'escape-html' => '/Users/shin/Library/Caches/typescript/4.1/node_modules/@types/escape-html/index.d.ts'
[19:54:20.909] Adding entry into typings cache: 'escodegen' => '/Users/shin/Library/Caches/typescript/4.1/node_modules/@types/escodegen/index.d.ts'
[19:54:20.911] Adding entry into typings cache: 'eslint' => '/Users/shin/Library/Caches/typescript/4.1/node_modules/@types/eslint/index.d.ts'
[19:54:20.916] Adding entry into typings cache: 'eslint-config-prettier' => '/Users/shin/Library/Caches/typescript/4.1/node_modules/@types/eslint-config-prettier/index.d.ts'
[19:54:20.918] Adding entry into typings cache: 'eslint-plugin-prettier' => '/Users/shin/Library/Caches/typescript/4.1/node_modules/@types/eslint-plugin-prettier/index.d.ts'
[19:54:20.923] Adding entry into typings cache: 'eslint-scope' => '/Users/shin/Library/Caches/typescript/4.1/node_modules/@types/eslint-scope/index.d.ts'
[19:54:20.925] Adding entry into typings cache: 'eslint-visitor-keys' => '/Users/shin/Library/Caches/typescript/4.1/node_modules/@types/eslint-visitor-keys/index.d.ts'
[19:54:20.927] Adding entry into typings cache: 'esprima' => '/Users/shin/Library/Caches/typescript/4.1/node_modules/@types/esprima/index.d.ts'
[19:54:20.929] Adding entry into typings cache: 'esquery' => '/Users/shin/Library/Caches/typescript/4.1/node_modules/@types/esquery/index.d.ts'
[19:54:20.933] Adding entry into typings cache: 'estraverse' => '/Users/shin/Library/Caches/typescript/4.1/node_modules/@types/estraverse/index.d.ts'
[19:54:20.940] Adding entry into typings cache: 'esutils' => '/Users/shin/Library/Caches/typescript/4.1/node_modules/@types/esutils/index.d.ts'
[19:54:20.944] Adding entry into typings cache: 'etag' => '/Users/shin/Library/Caches/typescript/4.1/node_modules/@types/etag/index.d.ts'
[19:54:20.960] Adding entry into typings cache: 'events' => '/Users/shin/Library/Caches/typescript/4.1/node_modules/@types/events/index.d.ts'
[19:54:20.964] Adding entry into typings cache: 'exit' => '/Users/shin/Library/Caches/typescript/4.1/node_modules/@types/exit/index.d.ts'
[19:54:20.965] Adding entry into typings cache: 'expand-tilde' => '/Users/shin/Library/Caches/typescript/4.1/node_modules/@types/expand-tilde/index.d.ts'
[19:54:20.967] Adding entry into typings cache: 'express' => '/Users/shin/Library/Caches/typescript/4.1/node_modules/@types/express/index.d.ts'
[19:54:20.983] Adding entry into typings cache: 'extend' => '/Users/shin/Library/Caches/typescript/4.1/node_modules/@types/extend/index.d.ts'
[19:54:20.993] Adding entry into typings cache: 'extsprintf' => '/Users/shin/Library/Caches/typescript/4.1/node_modules/@types/extsprintf/index.d.ts'
[19:54:20.995] Adding entry into typings cache: 'fast-levenshtein' => '/Users/shin/Library/Caches/typescript/4.1/node_modules/@types/fast-levenshtein/index.d.ts'
[19:54:21.007] Adding entry into typings cache: 'fb-watchman' => '/Users/shin/Library/Caches/typescript/4.1/node_modules/@types/fb-watchman/index.d.ts'
[19:54:21.011] Adding entry into typings cache: 'file-entry-cache' => '/Users/shin/Library/Caches/typescript/4.1/node_modules/@types/file-entry-cache/index.d.ts'
[19:54:21.012] Adding entry into typings cache: 'finalhandler' => '/Users/shin/Library/Caches/typescript/4.1/node_modules/@types/finalhandler/index.d.ts'
[19:54:21.014] Adding entry into typings cache: 'find-cache-dir' => '/Users/shin/Library/Caches/typescript/4.1/node_modules/@types/find-cache-dir/index.d.ts'
[19:54:21.015] Adding entry into typings cache: 'findup-sync' => '/Users/shin/Library/Caches/typescript/4.1/node_modules/@types/findup-sync/index.d.ts'
[19:54:21.018] Adding entry into typings cache: 'flat-cache' => '/Users/shin/Library/Caches/typescript/4.1/node_modules/@types/flat-cache/index.d.ts'
[19:54:21.020] Adding entry into typings cache: 'flush-write-stream' => '/Users/shin/Library/Caches/typescript/4.1/node_modules/@types/flush-write-stream/index.d.ts'
[19:54:21.022] Adding entry into typings cache: 'foreach' => '/Users/shin/Library/Caches/typescript/4.1/node_modules/@types/foreach/index.d.ts'
[19:54:21.023] Adding entry into typings cache: 'forever-agent' => '/Users/shin/Library/Caches/typescript/4.1/node_modules/@types/forever-agent/index.d.ts'
[19:54:21.025] Adding entry into typings cache: 'forwarded' => '/Users/shin/Library/Caches/typescript/4.1/node_modules/@types/forwarded/index.d.ts'
[19:54:21.026] Adding entry into typings cache: 'fresh' => '/Users/shin/Library/Caches/typescript/4.1/node_modules/@types/fresh/index.d.ts'
[19:54:21.027] Adding entry into typings cache: 'from2' => '/Users/shin/Library/Caches/typescript/4.1/node_modules/@types/from2/index.d.ts'
[19:54:21.029] Adding entry into typings cache: 'fs-extra' => '/Users/shin/Library/Caches/typescript/4.1/node_modules/@types/fs-extra/index.d.ts'
[19:54:21.031] Adding entry into typings cache: 'function-bind' => '/Users/shin/Library/Caches/typescript/4.1/node_modules/@types/function-bind/index.d.ts'
[19:54:21.033] Adding entry into typings cache: 'functional-red-black-tree' => '/Users/shin/Library/Caches/typescript/4.1/node_modules/@types/functional-red-black-tree/index.d.ts'
[19:54:21.035] Adding entry into typings cache: 'get-caller-file' => '/Users/shin/Library/Caches/typescript/4.1/node_modules/@types/get-caller-file/index.d.ts'
[19:54:21.037] Adding entry into typings cache: 'get-intrinsic' => '/Users/shin/Library/Caches/typescript/4.1/node_modules/@types/get-intrinsic/index.d.ts'
[19:54:21.053] Adding entry into typings cache: 'get-value' => '/Users/shin/Library/Caches/typescript/4.1/node_modules/@types/get-value/index.d.ts'
[19:54:21.056] Adding entry into typings cache: 'getpass' => '/Users/shin/Library/Caches/typescript/4.1/node_modules/@types/getpass/index.d.ts'
[19:54:21.057] Adding entry into typings cache: 'gh-pages' => '/Users/shin/Library/Caches/typescript/4.1/node_modules/@types/gh-pages/index.d.ts'
[19:54:21.060] Adding entry into typings cache: 'glob' => '/Users/shin/Library/Caches/typescript/4.1/node_modules/@types/glob/index.d.ts'
[19:54:21.064] Adding entry into typings cache: 'glob-parent' => '/Users/shin/Library/Caches/typescript/4.1/node_modules/@types/glob-parent/index.d.ts'
[19:54:21.068] Adding entry into typings cache: 'glob-to-regexp' => '/Users/shin/Library/Caches/typescript/4.1/node_modules/@types/glob-to-regexp/index.d.ts'
[19:54:21.070] Adding entry into typings cache: 'global-modules' => '/Users/shin/Library/Caches/typescript/4.1/node_modules/@types/global-modules/index.d.ts'
[19:54:21.076] Adding entry into typings cache: 'global-prefix' => '/Users/shin/Library/Caches/typescript/4.1/node_modules/@types/global-prefix/index.d.ts'
[19:54:21.099] Adding entry into typings cache: 'graceful-fs' => '/Users/shin/Library/Caches/typescript/4.1/node_modules/@types/graceful-fs/index.d.ts'
[19:54:21.102] Adding entry into typings cache: 'has' => '/Users/shin/Library/Caches/typescript/4.1/node_modules/@types/has/index.d.ts'
[19:54:21.104] Adding entry into typings cache: 'has-symbols' => '/Users/shin/Library/Caches/typescript/4.1/node_modules/@types/has-symbols/index.d.ts'
[19:54:21.108] Adding entry into typings cache: 'he' => '/Users/shin/Library/Caches/typescript/4.1/node_modules/@types/he/index.d.ts'
[19:54:21.112] Adding entry into typings cache: 'hoist-non-react-statics' => '/Users/shin/Library/Caches/typescript/4.1/node_modules/@types/hoist-non-react-statics/index.d.ts'
[19:54:21.114] Adding entry into typings cache: 'hosted-git-info' => '/Users/shin/Library/Caches/typescript/4.1/node_modules/@types/hosted-git-info/index.d.ts'
[19:54:21.118] Adding entry into typings cache: 'html-encoding-sniffer' => '/Users/shin/Library/Caches/typescript/4.1/node_modules/@types/html-encoding-sniffer/index.d.ts'
[19:54:21.119] Adding entry into typings cache: 'html-escaper' => '/Users/shin/Library/Caches/typescript/4.1/node_modules/@types/html-escaper/index.d.ts'
[19:54:21.122] Adding entry into typings cache: 'http-errors' => '/Users/shin/Library/Caches/typescript/4.1/node_modules/@types/http-errors/index.d.ts'
[19:54:21.123] Adding entry into typings cache: 'hyphenate-style-name' => '/Users/shin/Library/Caches/typescript/4.1/node_modules/@types/hyphenate-style-name/index.d.ts'
[19:54:21.125] Adding entry into typings cache: 'icss-utils' => '/Users/shin/Library/Caches/typescript/4.1/node_modules/@types/icss-utils/index.d.ts'
[19:54:21.127] Adding entry into typings cache: 'iferr' => '/Users/shin/Library/Caches/typescript/4.1/node_modules/@types/iferr/index.d.ts'
[19:54:21.128] Adding entry into typings cache: 'imurmurhash' => '/Users/shin/Library/Caches/typescript/4.1/node_modules/@types/imurmurhash/index.d.ts'
[19:54:21.132] Adding entry into typings cache: 'inherits' => '/Users/shin/Library/Caches/typescript/4.1/node_modules/@types/inherits/index.d.ts'
[19:54:21.136] Adding entry into typings cache: 'ini' => '/Users/shin/Library/Caches/typescript/4.1/node_modules/@types/ini/index.d.ts'
[19:54:21.137] Adding entry into typings cache: 'internal-slot' => '/Users/shin/Library/Caches/typescript/4.1/node_modules/@types/internal-slot/index.d.ts'
[19:54:21.147] Adding entry into typings cache: 'interpret' => '/Users/shin/Library/Caches/typescript/4.1/node_modules/@types/interpret/index.d.ts'
[19:54:21.149] Adding entry into typings cache: 'invariant' => '/Users/shin/Library/Caches/typescript/4.1/node_modules/@types/invariant/index.d.ts'
[19:54:21.152] Adding entry into typings cache: 'is-arguments' => '/Users/shin/Library/Caches/typescript/4.1/node_modules/@types/is-arguments/index.d.ts'
[19:54:21.156] Adding entry into typings cache: 'is-buffer' => '/Users/shin/Library/Caches/typescript/4.1/node_modules/@types/is-buffer/index.d.ts'
[19:54:21.158] Adding entry into typings cache: 'is-callable' => '/Users/shin/Library/Caches/typescript/4.1/node_modules/@types/is-callable/index.d.ts'
[19:54:21.160] Adding entry into typings cache: 'is-ci' => '/Users/shin/Library/Caches/typescript/4.1/node_modules/@types/is-ci/index.d.ts'
[19:54:21.161] Adding entry into typings cache: 'is-core-module' => '/Users/shin/Library/Caches/typescript/4.1/node_modules/@types/is-core-module/index.d.ts'
[19:54:21.163] Adding entry into typings cache: 'is-date-object' => '/Users/shin/Library/Caches/typescript/4.1/node_modules/@types/is-date-object/index.d.ts'
[19:54:21.165] Adding entry into typings cache: 'is-generator-function' => '/Users/shin/Library/Caches/typescript/4.1/node_modules/@types/is-generator-function/index.d.ts'
[19:54:21.168] Adding entry into typings cache: 'is-glob' => '/Users/shin/Library/Caches/typescript/4.1/node_modules/@types/is-glob/index.d.ts'
[19:54:21.172] Adding entry into typings cache: 'is-number' => '/Users/shin/Library/Caches/typescript/4.1/node_modules/@types/is-number/index.d.ts'
[19:54:21.173] Adding entry into typings cache: 'is-regex' => '/Users/shin/Library/Caches/typescript/4.1/node_modules/@types/is-regex/index.d.ts'
[19:54:21.188] Adding entry into typings cache: 'is-typedarray' => '/Users/shin/Library/Caches/typescript/4.1/node_modules/@types/is-typedarray/index.d.ts'
[19:54:21.191] Adding entry into typings cache: 'is-windows' => '/Users/shin/Library/Caches/typescript/4.1/node_modules/@types/is-windows/index.d.ts'
[19:54:21.194] Adding entry into typings cache: 'isarray' => '/Users/shin/Library/Caches/typescript/4.1/node_modules/@types/isarray/index.d.ts'
[19:54:21.196] Adding entry into typings cache: 'isexe' => '/Users/shin/Library/Caches/typescript/4.1/node_modules/@types/isexe/index.d.ts'
[19:54:21.205] Adding entry into typings cache: 'isstream' => '/Users/shin/Library/Caches/typescript/4.1/node_modules/@types/isstream/index.d.ts'
[19:54:21.207] Adding entry into typings cache: 'istanbul-lib-coverage' => '/Users/shin/Library/Caches/typescript/4.1/node_modules/@types/istanbul-lib-coverage/index.d.ts'
[19:54:21.209] Adding entry into typings cache: 'istanbul-lib-instrument' => '/Users/shin/Library/Caches/typescript/4.1/node_modules/@types/istanbul-lib-instrument/index.d.ts'
[19:54:21.217] Adding entry into typings cache: 'istanbul-lib-report' => '/Users/shin/Library/Caches/typescript/4.1/node_modules/@types/istanbul-lib-report/index.d.ts'
[19:54:21.219] Adding entry into typings cache: 'istanbul-lib-source-maps' => '/Users/shin/Library/Caches/typescript/4.1/node_modules/@types/istanbul-lib-source-maps/index.d.ts'
[19:54:21.221] Adding entry into typings cache: 'istanbul-reports' => '/Users/shin/Library/Caches/typescript/4.1/node_modules/@types/istanbul-reports/index.d.ts'
[19:54:21.223] Adding entry into typings cache: 'js-yaml' => '/Users/shin/Library/Caches/typescript/4.1/node_modules/@types/js-yaml/index.d.ts'
[19:54:21.224] Adding entry into typings cache: 'jsbn' => '/Users/shin/Library/Caches/typescript/4.1/node_modules/@types/jsbn/index.d.ts'
[19:54:21.226] Adding entry into typings cache: 'jsdom' => '/Users/shin/Library/Caches/typescript/4.1/node_modules/@types/jsdom/index.d.ts'
[19:54:21.228] Adding entry into typings cache: 'jsesc' => '/Users/shin/Library/Caches/typescript/4.1/node_modules/@types/jsesc/index.d.ts'
[19:54:21.230] Adding entry into typings cache: 'json-parse-better-errors' => '/Users/shin/Library/Caches/typescript/4.1/node_modules/@types/json-parse-better-errors/index.d.ts'
[19:54:21.233] Adding entry into typings cache: 'json-schema' => '/Users/shin/Library/Caches/typescript/4.1/node_modules/@types/json-schema/index.d.ts'
[19:54:21.234] Adding entry into typings cache: 'json-stringify-safe' => '/Users/shin/Library/Caches/typescript/4.1/node_modules/@types/json-stringify-safe/index.d.ts'
[19:54:21.237] Adding entry into typings cache: 'jsonfile' => '/Users/shin/Library/Caches/typescript/4.1/node_modules/@types/jsonfile/index.d.ts'
[19:54:21.249] Adding entry into typings cache: 'kind-of' => '/Users/shin/Library/Caches/typescript/4.1/node_modules/@types/kind-of/index.d.ts'
[19:54:21.257] Adding entry into typings cache: 'leaflet' => '/Users/shin/Library/Caches/typescript/4.1/node_modules/@types/leaflet/index.d.ts'
[19:54:21.258] Adding entry into typings cache: 'leaflet.heat' => '/Users/shin/Library/Caches/typescript/4.1/node_modules/@types/leaflet.heat/index.d.ts'
[19:54:21.261] Adding entry into typings cache: 'line-column' => '/Users/shin/Library/Caches/typescript/4.1/node_modules/@types/line-column/index.d.ts'
[19:54:21.267] Adding entry into typings cache: 'loader-runner' => '/Users/shin/Library/Caches/typescript/4.1/node_modules/@types/loader-runner/index.d.ts'
[19:54:21.268] Adding entry into typings cache: 'loader-utils' => '/Users/shin/Library/Caches/typescript/4.1/node_modules/@types/loader-utils/index.d.ts'
[19:54:21.283] Adding entry into typings cache: 'lodash' => '/Users/shin/Library/Caches/typescript/4.1/node_modules/@types/lodash/index.d.ts'
[19:54:21.286] Adding entry into typings cache: 'lodash.clonedeep' => '/Users/shin/Library/Caches/typescript/4.1/node_modules/@types/lodash.clonedeep/index.d.ts'
[19:54:21.287] Adding entry into typings cache: 'lodash.merge' => '/Users/shin/Library/Caches/typescript/4.1/node_modules/@types/lodash.merge/index.d.ts'
[19:54:21.289] Adding entry into typings cache: 'lodash.sortby' => '/Users/shin/Library/Caches/typescript/4.1/node_modules/@types/lodash.sortby/index.d.ts'
[19:54:21.291] Adding entry into typings cache: 'lodash.truncate' => '/Users/shin/Library/Caches/typescript/4.1/node_modules/@types/lodash.truncate/index.d.ts'
[19:54:21.292] Adding entry into typings cache: 'lru-cache' => '/Users/shin/Library/Caches/typescript/4.1/node_modules/@types/lru-cache/index.d.ts'
[19:54:21.294] Adding entry into typings cache: 'media-typer' => '/Users/shin/Library/Caches/typescript/4.1/node_modules/@types/media-typer/index.d.ts'
[19:54:21.295] Adding entry into typings cache: 'memory-fs' => '/Users/shin/Library/Caches/typescript/4.1/node_modules/@types/memory-fs/index.d.ts'
[19:54:21.297] Adding entry into typings cache: 'memorystream' => '/Users/shin/Library/Caches/typescript/4.1/node_modules/@types/memorystream/index.d.ts'
[19:54:21.299] Adding entry into typings cache: 'merge-descriptors' => '/Users/shin/Library/Caches/typescript/4.1/node_modules/@types/merge-descriptors/index.d.ts'
[19:54:21.302] Adding entry into typings cache: 'merge-stream' => '/Users/shin/Library/Caches/typescript/4.1/node_modules/@types/merge-stream/index.d.ts'
[19:54:21.304] Adding entry into typings cache: 'merge2' => '/Users/shin/Library/Caches/typescript/4.1/node_modules/@types/merge2/index.d.ts'
[19:54:21.305] Adding entry into typings cache: 'methods' => '/Users/shin/Library/Caches/typescript/4.1/node_modules/@types/methods/index.d.ts'
[19:54:21.309] Adding entry into typings cache: 'micromatch' => '/Users/shin/Library/Caches/typescript/4.1/node_modules/@types/micromatch/index.d.ts'
[19:54:21.310] Adding entry into typings cache: 'mime' => '/Users/shin/Library/Caches/typescript/4.1/node_modules/@types/mime/index.d.ts'
[19:54:21.312] Adding entry into typings cache: 'mime-db' => '/Users/shin/Library/Caches/typescript/4.1/node_modules/@types/mime-db/index.d.ts'
[19:54:21.316] Adding entry into typings cache: 'mime-types' => '/Users/shin/Library/Caches/typescript/4.1/node_modules/@types/mime-types/index.d.ts'
[19:54:21.318] Adding entry into typings cache: 'minimalistic-assert' => '/Users/shin/Library/Caches/typescript/4.1/node_modules/@types/minimalistic-assert/index.d.ts'
[19:54:21.320] Adding entry into typings cache: 'minimatch' => '/Users/shin/Library/Caches/typescript/4.1/node_modules/@types/minimatch/index.d.ts'
[19:54:21.322] Adding entry into typings cache: 'minimist' => '/Users/shin/Library/Caches/typescript/4.1/node_modules/@types/minimist/index.d.ts'
[19:54:21.324] Adding entry into typings cache: 'mkdirp' => '/Users/shin/Library/Caches/typescript/4.1/node_modules/@types/mkdirp/index.d.ts'
[19:54:21.328] Adding entry into typings cache: 'move-concurrently' => '/Users/shin/Library/Caches/typescript/4.1/node_modules/@types/move-concurrently/index.d.ts'
[19:54:21.331] Adding entry into typings cache: 'ms' => '/Users/shin/Library/Caches/typescript/4.1/node_modules/@types/ms/index.d.ts'
[19:54:21.333] Adding entry into typings cache: 'natural-compare' => '/Users/shin/Library/Caches/typescript/4.1/node_modules/@types/natural-compare/index.d.ts'
[19:54:21.334] Adding entry into typings cache: 'negotiator' => '/Users/shin/Library/Caches/typescript/4.1/node_modules/@types/negotiator/index.d.ts'
[19:54:21.335] Adding entry into typings cache: 'nice-try' => '/Users/shin/Library/Caches/typescript/4.1/node_modules/@types/nice-try/index.d.ts'
[19:54:21.337] Adding entry into typings cache: 'node-abi' => '/Users/shin/Library/Caches/typescript/4.1/node_modules/@types/node-abi/index.d.ts'
[19:54:21.339] Adding entry into typings cache: 'node-fetch' => '/Users/shin/Library/Caches/typescript/4.1/node_modules/@types/node-fetch/index.d.ts'
[19:54:21.340] Adding entry into typings cache: 'node-int64' => '/Users/shin/Library/Caches/typescript/4.1/node_modules/@types/node-int64/index.d.ts'
[19:54:21.342] Adding entry into typings cache: 'node-notifier' => '/Users/shin/Library/Caches/typescript/4.1/node_modules/@types/node-notifier/index.d.ts'
[19:54:21.343] Adding entry into typings cache: 'normalize-package-data' => '/Users/shin/Library/Caches/typescript/4.1/node_modules/@types/normalize-package-data/index.d.ts'
[19:54:21.347] Adding entry into typings cache: 'normalize-path' => '/Users/shin/Library/Caches/typescript/4.1/node_modules/@types/normalize-path/index.d.ts'
[19:54:21.349] Adding entry into typings cache: 'npmlog' => '/Users/shin/Library/Caches/typescript/4.1/node_modules/@types/npmlog/index.d.ts'
[19:54:21.350] Adding entry into typings cache: 'number-is-nan' => '/Users/shin/Library/Caches/typescript/4.1/node_modules/@types/number-is-nan/index.d.ts'
[19:54:21.351] Adding entry into typings cache: 'nwsapi' => '/Users/shin/Library/Caches/typescript/4.1/node_modules/@types/nwsapi/index.d.ts'
[19:54:21.353] Adding entry into typings cache: 'object-assign' => '/Users/shin/Library/Caches/typescript/4.1/node_modules/@types/object-assign/index.d.ts'
[19:54:21.354] Adding entry into typings cache: 'object-inspect' => '/Users/shin/Library/Caches/typescript/4.1/node_modules/@types/object-inspect/index.d.ts'
[19:54:21.356] Adding entry into typings cache: 'object-keys' => '/Users/shin/Library/Caches/typescript/4.1/node_modules/@types/object-keys/index.d.ts'
[19:54:21.357] Adding entry into typings cache: 'object.fromentries' => '/Users/shin/Library/Caches/typescript/4.1/node_modules/@types/object.fromentries/index.d.ts'
[19:54:21.359] Adding entry into typings cache: 'object.pick' => '/Users/shin/Library/Caches/typescript/4.1/node_modules/@types/object.pick/index.d.ts'
[19:54:21.360] Adding entry into typings cache: 'on-finished' => '/Users/shin/Library/Caches/typescript/4.1/node_modules/@types/on-finished/index.d.ts'
[19:54:21.362] Adding entry into typings cache: 'once' => '/Users/shin/Library/Caches/typescript/4.1/node_modules/@types/once/index.d.ts'
[19:54:21.363] Adding entry into typings cache: 'pako' => '/Users/shin/Library/Caches/typescript/4.1/node_modules/@types/pako/index.d.ts'
[19:54:21.364] Adding entry into typings cache: 'parallel-transform' => '/Users/shin/Library/Caches/typescript/4.1/node_modules/@types/parallel-transform/index.d.ts'
[19:54:21.366] Adding entry into typings cache: 'parse-json' => '/Users/shin/Library/Caches/typescript/4.1/node_modules/@types/parse-json/index.d.ts'
[19:54:21.388] Adding entry into typings cache: 'parse-passwd' => '/Users/shin/Library/Caches/typescript/4.1/node_modules/@types/parse-passwd/index.d.ts'
[19:54:21.390] Adding entry into typings cache: 'parse5' => '/Users/shin/Library/Caches/typescript/4.1/node_modules/@types/parse5/index.d.ts'
[19:54:21.393] Adding entry into typings cache: 'parseurl' => '/Users/shin/Library/Caches/typescript/4.1/node_modules/@types/parseurl/index.d.ts'
[19:54:21.395] Adding entry into typings cache: 'pascalcase' => '/Users/shin/Library/Caches/typescript/4.1/node_modules/@types/pascalcase/index.d.ts'
[19:54:21.398] Adding entry into typings cache: 'path-is-absolute' => '/Users/shin/Library/Caches/typescript/4.1/node_modules/@types/path-is-absolute/index.d.ts'
[19:54:21.400] Adding entry into typings cache: 'path-parse' => '/Users/shin/Library/Caches/typescript/4.1/node_modules/@types/path-parse/index.d.ts'
[19:54:21.402] Adding entry into typings cache: 'pbkdf2' => '/Users/shin/Library/Caches/typescript/4.1/node_modules/@types/pbkdf2/index.d.ts'
[19:54:21.404] Adding entry into typings cache: 'picomatch' => '/Users/shin/Library/Caches/typescript/4.1/node_modules/@types/picomatch/index.d.ts'
[19:54:21.411] Adding entry into typings cache: 'pify' => '/Users/shin/Library/Caches/typescript/4.1/node_modules/@types/pify/index.d.ts'
[19:54:21.414] Adding entry into typings cache: 'platform' => '/Users/shin/Library/Caches/typescript/4.1/node_modules/@types/platform/index.d.ts'
[19:54:21.416] Adding entry into typings cache: 'postcss-modules-extract-imports' => '/Users/shin/Library/Caches/typescript/4.1/node_modules/@types/postcss-modules-extract-imports/index.d.ts'
[19:54:21.419] Adding entry into typings cache: 'postcss-modules-local-by-default' => '/Users/shin/Library/Caches/typescript/4.1/node_modules/@types/postcss-modules-local-by-default/index.d.ts'
[19:54:21.421] Adding entry into typings cache: 'postcss-modules-scope' => '/Users/shin/Library/Caches/typescript/4.1/node_modules/@types/postcss-modules-scope/index.d.ts'
[19:54:21.423] Adding entry into typings cache: 'postcss-modules-values' => '/Users/shin/Library/Caches/typescript/4.1/node_modules/@types/postcss-modules-values/index.d.ts'
[19:54:21.424] Adding entry into typings cache: 'prelude-ls' => '/Users/shin/Library/Caches/typescript/4.1/node_modules/@types/prelude-ls/index.d.ts'
[19:54:21.425] Adding entry into typings cache: 'prettier' => '/Users/shin/Library/Caches/typescript/4.1/node_modules/@types/prettier/index.d.ts'
[19:54:21.427] Adding entry into typings cache: 'prettier-linter-helpers' => '/Users/shin/Library/Caches/typescript/4.1/node_modules/@types/prettier-linter-helpers/index.d.ts'
[19:54:21.428] Adding entry into typings cache: 'progress' => '/Users/shin/Library/Caches/typescript/4.1/node_modules/@types/progress/index.d.ts'
[19:54:21.429] Adding entry into typings cache: 'promise-inflight' => '/Users/shin/Library/Caches/typescript/4.1/node_modules/@types/promise-inflight/index.d.ts'
[19:54:21.431] Adding entry into typings cache: 'prompts' => '/Users/shin/Library/Caches/typescript/4.1/node_modules/@types/prompts/index.d.ts'
[19:54:21.432] Adding entry into typings cache: 'prop-types' => '/Users/shin/Library/Caches/typescript/4.1/node_modules/@types/prop-types/index.d.ts'
[19:54:21.434] Adding entry into typings cache: 'proxy-addr' => '/Users/shin/Library/Caches/typescript/4.1/node_modules/@types/proxy-addr/index.d.ts'
[19:54:21.436] Adding entry into typings cache: 'psl' => '/Users/shin/Library/Caches/typescript/4.1/node_modules/@types/psl/index.d.ts'
[19:54:21.437] Adding entry into typings cache: 'pump' => '/Users/shin/Library/Caches/typescript/4.1/node_modules/@types/pump/index.d.ts'
[19:54:21.439] Adding entry into typings cache: 'pumpify' => '/Users/shin/Library/Caches/typescript/4.1/node_modules/@types/pumpify/index.d.ts'
[19:54:21.442] Adding entry into typings cache: 'punycode' => '/Users/shin/Library/Caches/typescript/4.1/node_modules/@types/punycode/index.d.ts'
[19:54:21.444] Adding entry into typings cache: 'qs' => '/Users/shin/Library/Caches/typescript/4.1/node_modules/@types/qs/index.d.ts'
[19:54:21.462] Adding entry into typings cache: 'randombytes' => '/Users/shin/Library/Caches/typescript/4.1/node_modules/@types/randombytes/index.d.ts'
[19:54:21.464] Adding entry into typings cache: 'range-parser' => '/Users/shin/Library/Caches/typescript/4.1/node_modules/@types/range-parser/index.d.ts'
[19:54:21.466] Adding entry into typings cache: 'rc' => '/Users/shin/Library/Caches/typescript/4.1/node_modules/@types/rc/index.d.ts'
[19:54:21.468] Adding entry into typings cache: 'react' => '/Users/shin/Library/Caches/typescript/4.1/node_modules/@types/react/index.d.ts'
[19:54:21.469] Adding entry into typings cache: 'react-dom' => '/Users/shin/Library/Caches/typescript/4.1/node_modules/@types/react-dom/index.d.ts'
[19:54:21.472] Adding entry into typings cache: 'react-is' => '/Users/shin/Library/Caches/typescript/4.1/node_modules/@types/react-is/index.d.ts'
[19:54:21.473] Adding entry into typings cache: 'react-reconciler' => '/Users/shin/Library/Caches/typescript/4.1/node_modules/@types/react-reconciler/index.d.ts'
[19:54:21.475] Adding entry into typings cache: 'react-redux' => '/Users/shin/Library/Caches/typescript/4.1/node_modules/@types/react-redux/index.d.ts'
[19:54:21.477] Adding entry into typings cache: 'react-transition-group' => '/Users/shin/Library/Caches/typescript/4.1/node_modules/@types/react-transition-group/index.d.ts'
[19:54:21.481] Adding entry into typings cache: 'readable-stream' => '/Users/shin/Library/Caches/typescript/4.1/node_modules/@types/readable-stream/index.d.ts'
[19:54:21.483] Adding entry into typings cache: 'rechoir' => '/Users/shin/Library/Caches/typescript/4.1/node_modules/@types/rechoir/index.d.ts'
[19:54:21.486] Adding entry into typings cache: 'regenerator-runtime' => '/Users/shin/Library/Caches/typescript/4.1/node_modules/@types/regenerator-runtime/index.d.ts'
[19:54:21.490] Adding entry into typings cache: 'repeat-element' => '/Users/shin/Library/Caches/typescript/4.1/node_modules/@types/repeat-element/index.d.ts'
[19:54:21.492] Adding entry into typings cache: 'repeat-string' => '/Users/shin/Library/Caches/typescript/4.1/node_modules/@types/repeat-string/index.d.ts'
[19:54:21.494] Adding entry into typings cache: 'request' => '/Users/shin/Library/Caches/typescript/4.1/node_modules/@types/request/index.d.ts'
[19:54:21.496] Adding entry into typings cache: 'request-promise-native' => '/Users/shin/Library/Caches/typescript/4.1/node_modules/@types/request-promise-native/index.d.ts'
[19:54:21.497] Adding entry into typings cache: 'require-directory' => '/Users/shin/Library/Caches/typescript/4.1/node_modules/@types/require-directory/index.d.ts'
[19:54:21.498] Adding entry into typings cache: 'require-from-string' => '/Users/shin/Library/Caches/typescript/4.1/node_modules/@types/require-from-string/index.d.ts'
[19:54:21.500] Adding entry into typings cache: 'resolve' => '/Users/shin/Library/Caches/typescript/4.1/node_modules/@types/resolve/index.d.ts'
[19:54:21.502] Adding entry into typings cache: 'rimraf' => '/Users/shin/Library/Caches/typescript/4.1/node_modules/@types/rimraf/index.d.ts'
[19:54:21.503] Adding entry into typings cache: 'ripemd160' => '/Users/shin/Library/Caches/typescript/4.1/node_modules/@types/ripemd160/index.d.ts'
[19:54:21.505] Adding entry into typings cache: 'rsvp' => '/Users/shin/Library/Caches/typescript/4.1/node_modules/@types/rsvp/index.d.ts'
[19:54:21.506] Adding entry into typings cache: 'run-parallel' => '/Users/shin/Library/Caches/typescript/4.1/node_modules/@types/run-parallel/index.d.ts'
[19:54:21.508] Adding entry into typings cache: 'safe-regex' => '/Users/shin/Library/Caches/typescript/4.1/node_modules/@types/safe-regex/index.d.ts'
[19:54:21.509] Adding entry into typings cache: 'safer-buffer' => '/Users/shin/Library/Caches/typescript/4.1/node_modules/@types/safer-buffer/index.d.ts'
[19:54:21.511] Adding entry into typings cache: 'sane' => '/Users/shin/Library/Caches/typescript/4.1/node_modules/@types/sane/index.d.ts'
[19:54:21.512] Adding entry into typings cache: 'scheduler' => '/Users/shin/Library/Caches/typescript/4.1/node_modules/@types/scheduler/index.d.ts'
[19:54:21.514] Adding entry into typings cache: 'semver' => '/Users/shin/Library/Caches/typescript/4.1/node_modules/@types/semver/index.d.ts'
[19:54:21.515] Adding entry into typings cache: 'send' => '/Users/shin/Library/Caches/typescript/4.1/node_modules/@types/send/index.d.ts'
[19:54:21.517] Adding entry into typings cache: 'serialize-javascript' => '/Users/shin/Library/Caches/typescript/4.1/node_modules/@types/serialize-javascript/index.d.ts'
[19:54:21.519] Adding entry into typings cache: 'serve-static' => '/Users/shin/Library/Caches/typescript/4.1/node_modules/@types/serve-static/index.d.ts'
[19:54:21.522] Adding entry into typings cache: 'set-value' => '/Users/shin/Library/Caches/typescript/4.1/node_modules/@types/set-value/index.d.ts'
[19:54:21.524] Adding entry into typings cache: 'setimmediate' => '/Users/shin/Library/Caches/typescript/4.1/node_modules/@types/setimmediate/index.d.ts'
[19:54:21.526] Adding entry into typings cache: 'sha.js' => '/Users/shin/Library/Caches/typescript/4.1/node_modules/@types/sha.js/index.d.ts'
[19:54:21.528] Adding entry into typings cache: 'shallowequal' => '/Users/shin/Library/Caches/typescript/4.1/node_modules/@types/shallowequal/index.d.ts'
[19:54:21.530] Adding entry into typings cache: 'sharp' => '/Users/shin/Library/Caches/typescript/4.1/node_modules/@types/sharp/index.d.ts'
[19:54:21.531] Adding entry into typings cache: 'shebang-command' => '/Users/shin/Library/Caches/typescript/4.1/node_modules/@types/shebang-command/index.d.ts'
[19:54:21.533] Adding entry into typings cache: 'shell-quote' => '/Users/shin/Library/Caches/typescript/4.1/node_modules/@types/shell-quote/index.d.ts'
[19:54:21.534] Adding entry into typings cache: 'signal-exit' => '/Users/shin/Library/Caches/typescript/4.1/node_modules/@types/signal-exit/index.d.ts'
[19:54:21.535] Adding entry into typings cache: 'slice-ansi' => '/Users/shin/Library/Caches/typescript/4.1/node_modules/@types/slice-ansi/index.d.ts'
[19:54:21.538] Adding entry into typings cache: 'source-list-map' => '/Users/shin/Library/Caches/typescript/4.1/node_modules/@types/source-list-map/index.d.ts'
[19:54:21.541] Adding entry into typings cache: 'source-map-support' => '/Users/shin/Library/Caches/typescript/4.1/node_modules/@types/source-map-support/index.d.ts'
[19:54:21.543] Adding entry into typings cache: 'spdx-correct' => '/Users/shin/Library/Caches/typescript/4.1/node_modules/@types/spdx-correct/index.d.ts'
[19:54:21.544] Adding entry into typings cache: 'spdx-expression-parse' => '/Users/shin/Library/Caches/typescript/4.1/node_modules/@types/spdx-expression-parse/index.d.ts'
[19:54:21.546] Adding entry into typings cache: 'sprintf' => '/Users/shin/Library/Caches/typescript/4.1/node_modules/@types/sprintf/index.d.ts'
[19:54:21.548] Adding entry into typings cache: 'sprintf-js' => '/Users/shin/Library/Caches/typescript/4.1/node_modules/@types/sprintf-js/index.d.ts'
[19:54:21.549] Adding entry into typings cache: 'sshpk' => '/Users/shin/Library/Caches/typescript/4.1/node_modules/@types/sshpk/index.d.ts'
[19:54:21.551] Adding entry into typings cache: 'ssri' => '/Users/shin/Library/Caches/typescript/4.1/node_modules/@types/ssri/index.d.ts'
[19:54:21.552] Adding entry into typings cache: 'stack-utils' => '/Users/shin/Library/Caches/typescript/4.1/node_modules/@types/stack-utils/index.d.ts'
[19:54:21.554] Adding entry into typings cache: 'statuses' => '/Users/shin/Library/Caches/typescript/4.1/node_modules/@types/statuses/index.d.ts'
[19:54:21.556] Adding entry into typings cache: 'stream-each' => '/Users/shin/Library/Caches/typescript/4.1/node_modules/@types/stream-each/index.d.ts'
[19:54:21.560] Adding entry into typings cache: 'stream-shift' => '/Users/shin/Library/Caches/typescript/4.1/node_modules/@types/stream-shift/index.d.ts'
[19:54:21.562] Adding entry into typings cache: 'strict-uri-encode' => '/Users/shin/Library/Caches/typescript/4.1/node_modules/@types/strict-uri-encode/index.d.ts'
[19:54:21.563] Adding entry into typings cache: 'string-hash' => '/Users/shin/Library/Caches/typescript/4.1/node_modules/@types/string-hash/index.d.ts'
[19:54:21.565] Adding entry into typings cache: 'string.prototype.matchall' => '/Users/shin/Library/Caches/typescript/4.1/node_modules/@types/string.prototype.matchall/index.d.ts'
[19:54:21.567] Adding entry into typings cache: 'strip-final-newline' => '/Users/shin/Library/Caches/typescript/4.1/node_modules/@types/strip-final-newline/index.d.ts'
[19:54:21.568] Adding entry into typings cache: 'styled-components' => '/Users/shin/Library/Caches/typescript/4.1/node_modules/@types/styled-components/index.d.ts'
[19:54:21.570] Adding entry into typings cache: 'styled-jsx' => '/Users/shin/Library/Caches/typescript/4.1/node_modules/@types/styled-jsx/index.d.ts'
[19:54:21.572] Adding entry into typings cache: 'supports-color' => '/Users/shin/Library/Caches/typescript/4.1/node_modules/@types/supports-color/index.d.ts'
[19:54:21.574] Adding entry into typings cache: 'symbol-tree' => '/Users/shin/Library/Caches/typescript/4.1/node_modules/@types/symbol-tree/index.d.ts'
[19:54:21.577] Adding entry into typings cache: 'tapable' => '/Users/shin/Library/Caches/typescript/4.1/node_modules/tapable/tapable.d.ts'
[19:54:21.584] Adding entry into typings cache: 'tar-fs' => '/Users/shin/Library/Caches/typescript/4.1/node_modules/@types/tar-fs/index.d.ts'
[19:54:21.586] Adding entry into typings cache: 'tar-stream' => '/Users/shin/Library/Caches/typescript/4.1/node_modules/@types/tar-stream/index.d.ts'
[19:54:21.594] Adding entry into typings cache: 'terser-webpack-plugin' => '/Users/shin/Library/Caches/typescript/4.1/node_modules/@types/terser-webpack-plugin/index.d.ts'
[19:54:21.598] Adding entry into typings cache: 'text-table' => '/Users/shin/Library/Caches/typescript/4.1/node_modules/@types/text-table/index.d.ts'
[19:54:21.600] Adding entry into typings cache: 'three' => '/Users/shin/Library/Caches/typescript/4.1/node_modules/@types/three/index.d.ts'
[19:54:21.602] Adding entry into typings cache: 'through2' => '/Users/shin/Library/Caches/typescript/4.1/node_modules/@types/through2/index.d.ts'
[19:54:21.605] Adding entry into typings cache: 'tinycolor2' => '/Users/shin/Library/Caches/typescript/4.1/node_modules/@types/tinycolor2/index.d.ts'
[19:54:21.606] Adding entry into typings cache: 'tough-cookie' => '/Users/shin/Library/Caches/typescript/4.1/node_modules/@types/tough-cookie/index.d.ts'
[19:54:21.609] Adding entry into typings cache: 'type-check' => '/Users/shin/Library/Caches/typescript/4.1/node_modules/@types/type-check/index.d.ts'
[19:54:21.610] Adding entry into typings cache: 'type-detect' => '/Users/shin/Library/Caches/typescript/4.1/node_modules/@types/type-detect/index.d.ts'
[19:54:21.613] Adding entry into typings cache: 'type-is' => '/Users/shin/Library/Caches/typescript/4.1/node_modules/@types/type-is/index.d.ts'
[19:54:21.615] Adding entry into typings cache: 'uniq' => '/Users/shin/Library/Caches/typescript/4.1/node_modules/@types/uniq/index.d.ts'
[19:54:21.617] Adding entry into typings cache: 'universalify' => '/Users/shin/Library/Caches/typescript/4.1/node_modules/@types/universalify/index.d.ts'
[19:54:21.620] Adding entry into typings cache: 'urix' => '/Users/shin/Library/Caches/typescript/4.1/node_modules/@types/urix/index.d.ts'
[19:54:21.622] Adding entry into typings cache: 'use-subscription' => '/Users/shin/Library/Caches/typescript/4.1/node_modules/@types/use-subscription/index.d.ts'
[19:54:21.625] Adding entry into typings cache: 'util-deprecate' => '/Users/shin/Library/Caches/typescript/4.1/node_modules/@types/util-deprecate/index.d.ts'
[19:54:21.627] Adding entry into typings cache: 'utils-merge' => '/Users/shin/Library/Caches/typescript/4.1/node_modules/@types/utils-merge/index.d.ts'
[19:54:21.628] Adding entry into typings cache: 'uuid' => '/Users/shin/Library/Caches/typescript/4.1/node_modules/@types/uuid/index.d.ts'
[19:54:21.630] Adding entry into typings cache: 'validate-npm-package-license' => '/Users/shin/Library/Caches/typescript/4.1/node_modules/@types/validate-npm-package-license/index.d.ts'
[19:54:21.631] Adding entry into typings cache: 'vary' => '/Users/shin/Library/Caches/typescript/4.1/node_modules/@types/vary/index.d.ts'
[19:54:21.633] Adding entry into typings cache: 'verror' => '/Users/shin/Library/Caches/typescript/4.1/node_modules/@types/verror/index.d.ts'
[19:54:21.634] Adding entry into typings cache: 'w3c-hr-time' => '/Users/shin/Library/Caches/typescript/4.1/node_modules/@types/w3c-hr-time/index.d.ts'
[19:54:21.636] Adding entry into typings cache: 'w3c-xmlserializer' => '/Users/shin/Library/Caches/typescript/4.1/node_modules/@types/w3c-xmlserializer/index.d.ts'
[19:54:21.639] Adding entry into typings cache: 'watchpack' => '/Users/shin/Library/Caches/typescript/4.1/node_modules/@types/watchpack/index.d.ts'
[19:54:21.641] Adding entry into typings cache: 'webidl-conversions' => '/Users/shin/Library/Caches/typescript/4.1/node_modules/@types/webidl-conversions/index.d.ts'
[19:54:21.644] Adding entry into typings cache: 'webpack' => '/Users/shin/Library/Caches/typescript/4.1/node_modules/webpack/types.d.ts'
[19:54:21.649] Adding entry into typings cache: 'webpack-sources' => '/Users/shin/Library/Caches/typescript/4.1/node_modules/@types/webpack-sources/index.d.ts'
[19:54:21.651] Adding entry into typings cache: 'whatwg-encoding' => '/Users/shin/Library/Caches/typescript/4.1/node_modules/@types/whatwg-encoding/index.d.ts'
[19:54:21.653] Adding entry into typings cache: 'whatwg-mimetype' => '/Users/shin/Library/Caches/typescript/4.1/node_modules/@types/whatwg-mimetype/index.d.ts'
[19:54:21.655] Adding entry into typings cache: 'whatwg-url' => '/Users/shin/Library/Caches/typescript/4.1/node_modules/@types/whatwg-url/index.d.ts'
[19:54:21.657] Adding entry into typings cache: 'which' => '/Users/shin/Library/Caches/typescript/4.1/node_modules/@types/which/index.d.ts'
[19:54:21.658] Adding entry into typings cache: 'which-pm-runs' => '/Users/shin/Library/Caches/typescript/4.1/node_modules/@types/which-pm-runs/index.d.ts'
[19:54:21.660] Adding entry into typings cache: 'wrap-ansi' => '/Users/shin/Library/Caches/typescript/4.1/node_modules/@types/wrap-ansi/index.d.ts'
[19:54:21.662] Adding entry into typings cache: 'write-file-atomic' => '/Users/shin/Library/Caches/typescript/4.1/node_modules/@types/write-file-atomic/index.d.ts'
[19:54:21.663] Adding entry into typings cache: 'ws' => '/Users/shin/Library/Caches/typescript/4.1/node_modules/@types/ws/index.d.ts'
[19:54:21.665] Adding entry into typings cache: 'xtend' => '/Users/shin/Library/Caches/typescript/4.1/node_modules/@types/xtend/index.d.ts'
[19:54:21.666] Adding entry into typings cache: 'y18n' => '/Users/shin/Library/Caches/typescript/4.1/node_modules/@types/y18n/index.d.ts'
[19:54:21.669] Adding entry into typings cache: 'yallist' => '/Users/shin/Library/Caches/typescript/4.1/node_modules/@types/yallist/index.d.ts'
[19:54:21.671] Adding entry into typings cache: 'yargs' => '/Users/shin/Library/Caches/typescript/4.1/node_modules/@types/yargs/index.d.ts'
[19:54:21.672] Adding entry into typings cache: 'yargs-parser' => '/Users/shin/Library/Caches/typescript/4.1/node_modules/@types/yargs-parser/index.d.ts'
[19:54:21.674] Adding entry into typings cache: 'yeast' => '/Users/shin/Library/Caches/typescript/4.1/node_modules/@types/yeast/index.d.ts'
[19:54:21.674] Finished processing cache location '/Users/shin/Library/Caches/typescript/4.1'
[19:54:21.674] Process id: 45033
[19:54:21.674] NPM location: /Users/shin/.anyenv/envs/nodenv/versions/15.2.1/bin/npm (explicit '--npmLocation' not  provided)
[19:54:21.674] validateDefaultNpmLocation: false
[19:54:21.675] Npm config file: /Users/shin/Library/Caches/typescript/4.1/package.json
[19:54:21.675] Updating types-registry npm package...
[19:54:21.675] Exec: /Users/shin/.anyenv/envs/nodenv/versions/15.2.1/bin/npm install --ignore-scripts types-registry@latest
[19:54:26.690]     Succeeded. stdout:
    
    up to date, audited 628 packages in 5s

9 packages are looking for funding
  run `npm fund` for details

5 vulnerabilities (2 moderate, 3 high)

To address issues that do not require attention, run:
  npm audit fix

To address all issues (including breaking changes), run:
  npm audit fix --force

Run `npm audit` for details.

[19:54:26.690] Updated types-registry npm package
[20:03:31.100] Got install request {"projectName":"/dev/null/inferredProject1*","fileNames":[],"compilerOptions":{"module":1,"target":3,"jsx":1,"allowJs":true,"allowSyntheticDefaultImports":true,"allowNonTsExtensions":true,"noEmitForJsFiles":true},"typeAcquisition":{"enable":true,"include":[],"exclude":[]},"unresolvedImports":[],"projectRootPath":"/Users/shin/Documents/github/slam-at-home/react-frontend/src/containers/pane","kind":"discover"}
[20:03:31.131] Loaded safelist from types map file '/users/shin/.anyenv/envs/nodenv/versions/15.2.1/lib/node_modules/typescript/lib/typesmap.json'
[20:03:31.133] Explicitly included types: []
[20:03:31.134] Inferred typings from unresolved imports: []
[20:03:31.136] Result: {"cachedTypingPaths":[],"newTypingNames":[],"filesToWatch":["/Users/shin/Documents/github/slam-at-home/react-frontend/src/containers/pane/bower_components","/Users/shin/Documents/github/slam-at-home/react-frontend/src/containers/pane/node_modules"]}
[20:03:31.136] Finished typings discovery: {"cachedTypingPaths":[],"newTypingNames":[],"filesToWatch":["/Users/shin/Documents/github/slam-at-home/react-frontend/src/containers/pane/bower_components","/Users/shin/Documents/github/slam-at-home/react-frontend/src/containers/pane/node_modules"]}
[20:03:31.137] DirectoryWatcher:: Added:: WatchInfo: /Users/shin/Documents/github/slam-at-home/react-frontend/src/containers/pane/bower_components
[20:03:31.140] DirectoryWatcher:: Added:: WatchInfo: /Users/shin/Documents/github/slam-at-home/react-frontend/src/containers/pane/node_modules
[20:03:31.140] Sending response:
    {"projectName":"/dev/null/inferredProject1*","typeAcquisition":{"enable":true,"include":[],"exclude":[]},"compilerOptions":{"module":1,"target":3,"jsx":1,"allowJs":true,"allowSyntheticDefaultImports":true,"allowNonTsExtensions":true,"noEmitForJsFiles":true},"typings":[],"unresolvedImports":[],"kind":"action::set"}
[20:03:31.141] Response has been sent.
[20:03:31.141] No new typings were requested as a result of typings discovery
[20:11:39.694] Got install request {"projectName":"/dev/null/inferredProject1*","fileNames":[],"compilerOptions":{"module":1,"target":3,"jsx":1,"allowJs":true,"allowSyntheticDefaultImports":true,"allowNonTsExtensions":true,"noEmitForJsFiles":true},"typeAcquisition":{"enable":true,"include":[],"exclude":[]},"unresolvedImports":[],"projectRootPath":"/Users/shin/Documents/github/slam-at-home/react-frontend/src/containers/pane","kind":"discover"}
[20:11:39.697] Explicitly included types: []
[20:11:39.698] Inferred typings from unresolved imports: []
[20:11:39.699] Result: {"cachedTypingPaths":[],"newTypingNames":[],"filesToWatch":["/Users/shin/Documents/github/slam-at-home/react-frontend/src/containers/pane/bower_components","/Users/shin/Documents/github/slam-at-home/react-frontend/src/containers/pane/node_modules"]}
[20:11:39.700] Finished typings discovery: {"cachedTypingPaths":[],"newTypingNames":[],"filesToWatch":["/Users/shin/Documents/github/slam-at-home/react-frontend/src/containers/pane/bower_components","/Users/shin/Documents/github/slam-at-home/react-frontend/src/containers/pane/node_modules"]}
[20:11:39.701] Sending response:
    {"projectName":"/dev/null/inferredProject1*","typeAcquisition":{"enable":true,"include":[],"exclude":[]},"compilerOptions":{"module":1,"target":3,"jsx":1,"allowJs":true,"allowSyntheticDefaultImports":true,"allowNonTsExtensions":true,"noEmitForJsFiles":true},"typings":[],"unresolvedImports":[],"kind":"action::set"}
[20:11:39.701] Response has been sent.
[20:11:39.702] No new typings were requested as a result of typings discovery
